<?xml version="1.0" encoding="UTF-8" ?>
<testsuite errors="0" failures="0" hostname="Class2-2" name="com.hillel.AlgorithmTest" skipped="0" tests="2" time="0.04" timestamp="2017-11-05T17:01:25">
  <properties>
    <property name="ant.project.invoked-targets" value="jar" />
    <property name="java.runtime.name" value="Java(TM) SE Runtime Environment" />
    <property name="sun.boot.library.path" value="/usr/lib/jvm/java-8-oracle/jre/lib/amd64" />
    <property name="java.vm.version" value="25.144-b01" />
    <property name="ant.library.dir" value="/usr/share/ant/lib" />
    <property name="ant.version" value="Apache Ant(TM) version 1.9.6 compiled on July 8 2015" />
    <property name="ant.java.version" value="1.8" />
    <property name="java.vm.vendor" value="Oracle Corporation" />
    <property name="java.vendor.url" value="http://java.oracle.com/" />
    <property name="path.separator" value=":" />
    <property name="java.vm.name" value="Java HotSpot(TM) 64-Bit Server VM" />
    <property name="file.encoding.pkg" value="sun.io" />
    <property name="user.country" value="US" />
    <property name="sun.java.launcher" value="SUN_STANDARD" />
    <property name="sun.os.patch.level" value="unknown" />
    <property name="java.vm.specification.name" value="Java Virtual Machine Specification" />
    <property name="user.dir" value="/home/hillel/IdeaProjects/lesson13/ant-project/java-project" />
    <property name="java.runtime.version" value="1.8.0_144-b01" />
    <property name="java.awt.graphicsenv" value="sun.awt.X11GraphicsEnvironment" />
    <property name="basedir" value="/home/hillel/IdeaProjects/lesson13/ant-project/java-project" />
    <property name="java.endorsed.dirs" value="/usr/lib/jvm/java-8-oracle/jre/lib/endorsed" />
    <property name="os.arch" value="amd64" />
    <property name="ant.project.default-target" value="jar" />
    <property name="java.io.tmpdir" value="/tmp" />
    <property name="ant.core.lib" value="/usr/share/ant/lib/ant.jar" />
    <property name="line.separator" value="&#xa;" />
    <property name="java.vm.specification.vendor" value="Oracle Corporation" />
    <property name="os.name" value="Linux" />
    <property name="ant.home" value="/usr/share/ant" />
    <property name="ant.file.algorithm" value="/home/hillel/IdeaProjects/lesson13/ant-project/java-project/build-java.xml" />
    <property name="ant.project.name" value="algorithm" />
    <property name="sun.jnu.encoding" value="ANSI_X3.4-1968" />
    <property name="java.library.path" value="/opt/idea/bin::/usr/java/packages/lib/amd64:/usr/lib64:/lib64:/lib:/usr/lib" />
    <property name="java.specification.name" value="Java Platform API Specification" />
    <property name="java.class.version" value="52.0" />
    <property name="lib.dir" value="lib" />
    <property name="sun.management.compiler" value="HotSpot 64-Bit Tiered Compilers" />
    <property name="os.version" value="4.10.0-38-generic" />
    <property name="ant.file" value="/home/hillel/IdeaProjects/lesson13/ant-project/java-project/build-java.xml" />
    <property name="user.home" value="/home/hillel" />
    <property name="user.timezone" value="" />
    <property name="java.awt.printerjob" value="sun.print.PSPrinterJob" />
    <property name="java.specification.version" value="1.8" />
    <property name="file.encoding" value="ANSI_X3.4-1968" />
    <property name="user.name" value="hillel" />
    <property name="java.class.path" value="/home/hillel/IdeaProjects/lesson13/ant-project/java-project/lib/junit.jar:/home/hillel/IdeaProjects/lesson13/ant-project/java-project/lib/hamcrest-core-1.3.jar:/home/hillel/IdeaProjects/lesson13/ant-project/java-project/out/classes:/usr/share/java/ant-launcher-1.9.6.jar:/usr/share/ant/lib/ant.jar:/usr/share/ant/lib/ant-junit.jar:/usr/share/ant/lib/ant-junit4.jar" />
    <property name="java.vm.specification.version" value="1.8" />
    <property name="sun.java.command" value="org.apache.tools.ant.taskdefs.optional.junit.JUnitTestRunner com.hillel.AlgorithmTest skipNonTests=false filtertrace=true haltOnError=false haltOnFailure=true formatter=org.apache.tools.ant.taskdefs.optional.junit.SummaryJUnitResultFormatter showoutput=true outputtoformatters=true logfailedtests=true threadid=0 logtestlistenerevents=false formatter=org.apache.tools.ant.taskdefs.optional.junit.XMLJUnitResultFormatter,/home/hillel/IdeaProjects/lesson13/ant-project/java-project/reports/TEST-com.hillel.AlgorithmTest.xml crashfile=/home/hillel/IdeaProjects/lesson13/ant-project/java-project/junitvmwatcher8478474147824229009.properties propsfile=/home/hillel/IdeaProjects/lesson13/ant-project/java-project/junit1904998503576682568.properties" />
    <property name="sun.arch.data.model" value="64" />
    <property name="java.home" value="/usr/lib/jvm/java-8-oracle/jre" />
    <property name="java.specification.vendor" value="Oracle Corporation" />
    <property name="user.language" value="en" />
    <property name="classes.dir" value="out/classes" />
    <property name="out.dir" value="out" />
    <property name="awt.toolkit" value="sun.awt.X11.XToolkit" />
    <property name="test.dir" value="test" />
    <property name="java.vm.info" value="mixed mode" />
    <property name="java.version" value="1.8.0_144" />
    <property name="java.ext.dirs" value="/usr/lib/jvm/java-8-oracle/jre/lib/ext:/usr/java/packages/lib/ext" />
    <property name="sun.boot.class.path" value="/usr/lib/jvm/java-8-oracle/jre/lib/resources.jar:/usr/lib/jvm/java-8-oracle/jre/lib/rt.jar:/usr/lib/jvm/java-8-oracle/jre/lib/sunrsasign.jar:/usr/lib/jvm/java-8-oracle/jre/lib/jsse.jar:/usr/lib/jvm/java-8-oracle/jre/lib/jce.jar:/usr/lib/jvm/java-8-oracle/jre/lib/charsets.jar:/usr/lib/jvm/java-8-oracle/jre/lib/jfr.jar:/usr/lib/jvm/java-8-oracle/jre/classes" />
    <property name="java.vendor" value="Oracle Corporation" />
    <property name="file.separator" value="/" />
    <property name="java.vendor.url.bug" value="http://bugreport.sun.com/bugreport/" />
    <property name="src.dir" value="src" />
    <property name="sun.cpu.endian" value="little" />
    <property name="sun.io.unicode.encoding" value="UnicodeLittle" />
    <property name="ant.file.type.algorithm" value="file" />
    <property name="ant.file.type" value="file" />
    <property name="sun.cpu.isalist" value="" />
  </properties>
  <testcase classname="com.hillel.AlgorithmTest" name="testTheAlgorithmIncorrect" time="0.001" />
  <testcase classname="com.hillel.AlgorithmTest" name="testTheAlgorithmCorrect" time="0.0" />
  <system-out><![CDATA[]]></system-out>
  <system-err><![CDATA[]]></system-err>
</testsuite>
